<?xml version="1.0" encoding="UTF-8"?>
<!-- Generated by org.testng.reporters.JUnitXMLReporter -->
<testsuite hostname="senthilvenu" ignored="0" name="Test" tests="1" failures="1" timestamp="10 Jul 2018 04:00:46 GMT" time="41.648" errors="0">
  <testcase name="Gmail" time="41.431" classname="com.main.MainTest">
    <failure type="java.lang.ArrayIndexOutOfBoundsException" message="3">
      <![CDATA[java.lang.ArrayIndexOutOfBoundsException: 3at com.page.GmailLogin.GmailLogin(GmailLogin.java:44)at com.main.MainTest.Gmail(MainTest.java:21)... Removed 25 stack frames]]>
    </failure>
  </testcase> <!-- Gmail -->
</testsuite> <!-- Test -->
